    | client | Была вызвана функция create_presence с параметрами (), {}.Вызов из модуля __main__. Вызов из функции main().Вызов из функции main
2020-07-10 11:06:52,381 | INFO     | client | Была вызвана функция process_ans с параметрами ({'response': 200},), {}.Вызов из модуля __main__. Вызов из функции main().Вызов из функции main
2020-07-10 11:06:52,382 | INFO     | client | Была вызвана функция main с параметрами (), {}.Вызов из модуля __main__. Вызов из функции main().Вызов из функции <module>
2020-07-10 12:16:02,439 | INFO     | client | Была вызвана функция create_presence с параметрами (), {}.Вызов из модуля __main__. Вызов из функции main().Вызов из функции main
2020-07-10 12:17:55,947 | INFO     | client | Была вызвана функция create_presence с параметрами (), {}.Вызов из модуля __main__. Вызов из функции main().Вызов из функции main
2020-07-10 12:19:37,245 | INFO     | client | Была вызвана функция create_presence с параметрами (), {}.Вызов из модуля __main__. Вызов из функции main().Вызов из функции main
2020-07-10 12:42:13,780 | INFO     | client | Была вызвана функция create_presence с параметрами (), {}.Вызов из модуля __main__. Вызов из функции main().Вызов из функции main
2020-07-10 13:42:54,563 | INFO     | client | Была вызвана функция create_presence с параметрами (), {}.Вызов из модуля __main__. Вызов из функции main().Вызов из функции main
2020-07-10 14:23:08,089 | INFO     | client | Была вызвана функция create_presence с параметрами (), {}.Вызов из модуля __main__. Вызов из функции main().Вызов из функции main
2020-07-10 14:25:47,755 | INFO     | client | Была вызвана функция create_presence с параметрами (), {}.Вызов из модуля __main__. Вызов из функции main().Вызов из функции main
2020-07-10 14:25:47,943 | INFO     | client | Была вызвана функция main с параметрами (), {}.Вызов из модуля __main__. Вызов из функции main().Вызов из функции <module>
2020-07-10 14:33:44,149 | INFO     | client | Была вызвана функция create_presence с параметрами (), {}.Вызов из модуля __main__. Вызов из функции main().Вызов из функции main
2020-07-10 14:34:56,377 | INFO     | client | Была вызвана функция create_presence с параметрами (), {}.Вызов из модуля __main__. Вызов из функции main().Вызов из функции main
2020-07-10 14:34:56,502 | INFO     | client | Была вызвана функция main с параметрами (), {}.Вызов из модуля __main__. Вызов из функции main().Вызов из функции <module>
2020-07-10 14:37:14,968 | INFO     | client | Была вызвана функция create_presence с параметрами (), {}.Вызов из модуля __main__. Вызов из функции main().Вызов из функции main
2020-07-10 14:37:14,968 | INFO     | client | Была вызвана функция main с параметрами (), {}.Вызов из модуля __main__. Вызов из функции main().Вызов из функции <module>
2020-07-10 14:37:57,852 | INFO     | client | Была вызвана функция create_presence с параметрами (), {}.Вызов из модуля __main__. Вызов из функции main().Вызов из функции main
2020-07-10 14:37:57,868 | INFO     | client | Была вызвана функция main с параметрами (), {}.Вызов из модуля __main__. Вызов из функции main().Вызов из функции <module>
2020-07-10 14:39:48,534 | INFO     | client | Была вызвана функция create_presence с параметрами (), {}.Вызов из модуля __main__. Вызов из функции main().Вызов из функции main
2020-07-10 14:48:39,372 | INFO     | client | Была вызвана функция create_presence с параметрами (), {}.Вызов из модуля __main__. Вызов из функции main().Вызов из функции main
2020-07-10 14:48:39,372 | INFO     | client | Была вызвана функция main с параметрами (), {}.Вызов из модуля __main__. Вызов из функции main().Вызов из функции <module>
2020-07-10 14:49:44,144 | INFO     | client | Была вызвана функция create_presence с параметрами (), {}.Вызов из модуля __main__. Вызов из функции main().Вызов из функции main
2020-07-10 14:49:44,144 | INFO     | client | Была вызвана функция main с параметрами (), {}.Вызов из модуля __main__. Вызов из функции main().Вызов из функции <module>
2020-07-10 14:51:17,182 | INFO     | client | Была вызвана функция create_presence с параметрами (), {}.Вызов из модуля __main__. Вызов из функции main().Вызов из функции main
2020-07-10 14:51:38,617 | INFO     | client | Была вызвана функция create_presence с параметрами (), {}.Вызов из модуля __main__. Вызов из функции main().Вызов из функции main
2020-07-10 14:52:32,905 | INFO     | client | Была вызвана функция create_presence с параметрами (), {}.Вызов из модуля __main__. Вызов из функции main().Вызов из функции main
2020-07-10 14:52:46,461 | INFO     | client | Была вызвана функция create_presence с параметрами (), {}.Вызов из модуля __main__. Вызов из функции main().Вызов из функции main
2020-07-10 14:52:53,450 | INFO     | client | Была вызвана функция create_presence с параметрами (), {}.Вызов из модуля __main__. Вызов из функции main().Вызов из функции main
2020-07-10 14:53:15,664 | INFO     | client | Была вызвана функция create_presence с параметрами (), {}.Вызов из модуля __main__. Вызов из функции main().Вызов из функции main
2020-07-10 14:53:22,216 | INFO     | client | Была вызвана функция create_presence с параметрами (), {}.Вызов из модуля __main__. Вызов из функции main().Вызов из функции main
2020-07-10 14:53:27,536 | INFO     | client | Была вызвана функция create_presence с параметрами (), {}.Вызов из модуля __main__. Вызов из функции main().Вызов из функции main
2020-07-10 14:53:27,552 | INFO     | client | Была вызвана функция main с параметрами (), {}.Вызов из модуля __main__. Вызов из функции main().Вызов из функции <module>
2020-07-10 14:53:27,567 | INFO     | client | Была вызвана функция main с параметрами (), {}.Вызов из модуля __main__. Вызов из функции main().Вызов из функции <module>
2020-07-10 14:53:27,567 | INFO     | client | Была вызвана функция main с параметрами (), {}.Вызов из модуля __main__. Вызов из функции main().Вызов из функции <module>
2020-07-10 14:53:27,567 | INFO     | client | Была вызвана функция main с параметрами (), {}.Вызов из модуля __main__. Вызов из функции main().Вызов из функции <module>
2020-07-10 14:53:27,598 | INFO     | client | Была вызвана функция main с параметрами (), {}.Вызов из модуля __main__. Вызов из функции main().Вызов из функции <module>
2020-07-10 14:55:22,789 | INFO     | client | Была вызвана функция create_presence с параметрами (), {}.Вызов из модуля __main__. Вызов из функции main().Вызов из функции main
2020-07-10 15:15:35,535 | INFO     | client | Была вызвана функция create_presence с параметрами (), {}.Вызов из модуля __main__. Вызов из функции main().Вызов из функции main
2020-07-10 15:20:17,194 | INFO     | client | Была вызвана функция create_presence с параметрами (), {}.Вызов из модуля __main__. Вызов из функции main().Вызов из функции main
2020-07-10 15:20:36,803 | INFO     | client | Была вызвана функция create_presence с параметрами (), {}.Вызов из модуля __main__. Вызов из функции main().Вызов из функции main
2020-07-10 15:22:58,607 | INFO     | client | Была вызвана функция create_presence с параметрами (), {}.Вызов из модуля __main__. Вызов из функции main().Вызов из функции main
2020-07-10 15:24:21,474 | INFO     | client | Была вызвана функция create_presence с параметрами (), {}.Вызов из модуля __main__. Вызов из функции main().Вызов из функции main
2020-07-10 15:25:05,108 | INFO     | client | Была вызвана функция create_presence с параметрами (), {}.Вызов из модуля __main__. Вызов из функции main().Вызов из функции main
2020-07-10 15:28:36,577 | INFO     | client | Была вызвана функция create_presence с параметрами (), {}.Вызов из модуля __main__. Вызов из функции main().Вызов из функции main
2020-07-10 15:29:21,911 | INFO     | client | Была вызвана функция create_presence с параметрами (), {}.Вызов из модуля __main__. Вызов из функции main().Вызов из функции main
2020-07-10 15:32:13,262 | INFO     | client | Была вызвана функция create_presence с параметрами (), {}.Вызов из модуля __main__. Вызов из функции main().Вызов из функции main
2020-07-10 15:33:20,607 | INFO     | client | Была вызвана функция create_presence с параметрами (), {}.Вызов из модуля __main__. Вызов из функции main().Вызов из функции main
2020-07-10 15:36:57,681 | INFO     | client | Была вызвана функция create_presence с параметрами (), {}.Вызов из модуля __main__. Вызов из функции main().Вызов из функции main
2020-07-10 15:38:57,006 | INFO     | client | Была вызвана функция create_presence с параметрами (), {}.Вызов из модуля __main__. Вызов из функции main().Вызов из функции main
2020-07-10 15:40:27,252 | INFO     | client | Была вызвана функция create_presence с параметрами (), {}.Вызов из модуля __main__. Вызов из функции main().Вызов из функции main
2020-07-10 15:41:16,735 | INFO     | client | Была вызвана функция create_presence с параметрами (), {}.Вызов из модуля __main__. Вызов из функции main().Вызов из функции main
2020-07-10 15:42:09,853 | INFO     | client | Была вызвана функция create_presence с параметрами (), {}.Вызов из модуля __main__. Вызов из функции main().Вызов из функции main
2020-07-10 15:42:31,444 | INFO     | client | Была вызвана функция create_presence с параметрами (), {}.Вызов из модуля __main__. Вызов из функции main().Вызов из функции main
2020-07-10 15:42:31,460 | INFO     | client | Была вызвана функция main с параметрами (), {}.Вызов из модуля __main__. Вызов из функции main().Вызов из функции <module>
2020-07-10 15:42:59,118 | INFO     | client | Была вызвана функция create_presence с параметрами (), {}.Вызов из модуля __main__. Вызов из функции main().Вызов из функции main
2020-07-10 15:43:34,218 | INFO     | client | Была вызвана функция create_presence с параметрами (), {}.Вызов из модуля __main__. Вызов из функции main().Вызов из функции main
2020-07-10 15:44:47,476 | INFO     | client | Была вызвана функция create_presence с параметрами (), {}.Вызов из модуля __main__. Вызов из функции main().Вызов из функции main
2020-07-10 15:44:47,476 | INFO     | client | Была вызвана функция main с параметрами (), {}.Вызов из модуля __main__. Вызов из функции main().Вызов из функции <module>
2020-07-10 15:45:26,663 | INFO     | client | Была вызвана функция create_presence с параметрами (), {}.Вызов из модуля __main__. Вызов из функции main().Вызов из функции main
2020-07-10 15:45:26,663 | INFO     | client | Была вызвана функция main с параметрами (), {}.Вызов из модуля __main__. Вызов из функции main().Вызов из функции <module>
2020-07-10 15:45:59,111 | INFO     | client | Была вызвана функция create_presence с параметрами (), {}.Вызов из модуля __main__. Вызов из функции main().Вызов из функции main
2020-07-10 15:45:59,127 | INFO     | client | Была вызвана функция main с параметрами (), {}.Вызов из модуля __main__. Вызов из функции main().Вызов из функции <module>
2020-07-10 15:47:55,098 | INFO     | client | Была вызвана функция create_presence с параметрами (), {}.Вызов из модуля __main__. Вызов из функции main().Вызов из функции main
2020-07-10 15:47:55,207 | INFO     | client | Была вызвана функция main с параметрами (), {}.Вызов из модуля __main__. Вызов из функции main().Вызов из функции <module>
2020-07-10 15:55:15,018 | INFO     | client | Была вызвана функция create_presence с параметрами (), {}.Вызов из модуля __main__. Вызов из функции main().Вызов из функции main
2020-07-10 15:55:15,143 | INFO     | client | Была вызвана функция main с параметрами (), {}.Вызов из модуля __main__. Вызов из функции main().Вызов из функции <module>
2020-07-10 15:56:39,789 | INFO     | client | Была вызвана функция create_presence с параметрами (), {}.Вызов из модуля __main__. Вызов из функции main().Вызов из функции main
2020-07-10 15:56:39,914 | INFO     | client | Была вызвана функция main с параметрами (), {}.Вызов из модуля __main__. Вызов из функции main().Вызов из функции <module>
2020-07-10 15:57:03,439 | INFO     | client | Была вызвана функция create_presence с параметрами (), {}.Вызов из модуля __main__. Вызов из функции main().Вызов из функции main
2020-07-10 15:57:03,563 | INFO     | client | Была вызвана функция main с параметрами (), {}.Вызов из модуля __main__. Вызов из функции main().Вызов из функции <module>
2020-07-10 15:57:43,032 | INFO     | client | Была вызвана функция create_presence с параметрами (), {}.Вызов из модуля __main__. Вызов из функции main().Вызов из функции main
2020-07-10 15:57:43,156 | INFO     | client | Была вызвана функция main с параметрами (), {}.Вызов из модуля __main__. Вызов из функции main().Вызов из функции <module>
2020-07-10 16:00:18,969 | INFO     | client | Была вызвана функция create_presence с параметрами (), {}.Вызов из модуля __main__. Вызов из функции main().Вызов из функции main
2020-07-10 16:00:19,094 | INFO     | client | Была вызвана функция main с параметрами (), {}.Вызов из модуля __main__. Вызов из функции main().Вызов из функции <module>
2020-07-10 16:01:51,368 | INFO     | client | Была вызвана функция create_presence с параметрами (), {}.Вызов из модуля __main__. Вызов из функции main().Вызов из функции main
2020-07-10 16:01:51,493 | INFO     | client | Была вызвана функция main с параметрами (), {}.Вызов из модуля __main__. Вызов из функции main().Вызов из функции <module>
2020-07-10 16:04:30,567 | INFO     | client | Была вызвана функция create_presence с параметрами (), {}.Вызов из модуля __main__. Вызов из функции main().Вызов из функции main
2020-07-10 16:04:30,676 | INFO     | client | Была вызвана функция main с параметрами (), {}.Вызов из модуля __main__. Вызов из функции main().Вызов из функции <module>
2020-07-10 16:05:40,704 | INFO     | client | Была вызвана функция create_presence с параметрами (), {}.Вызов из модуля __main__. Вызов из функции main().Вызов из функции main
2020-07-10 16:05:40,829 | INFO     | client | Была вызвана функция main с параметрами (), {}.Вызов из модуля __main__. Вызов из функции main().Вызов из функции <module>
2020-07-10 16:06:16,038 | INFO     | client | Была вызвана функция create_presence с параметрами (), {}.Вызов из модуля __main__. Вызов из функции main().Вызов из функции main
2020-07-10 16:06:16,272 | INFO     | client | Была вызвана функция main с параметрами (), {}.Вызов из модуля __main__. Вызов из функции main().Вызов из функции <module>
2020-07-10 16:12:10,159 | INFO     | client | Была вызвана функция create_presence с параметрами (), {}.Вызов из модуля __main__. Вызов из функции main().Вызов из функции main
2020-07-10 16:12:10,284 | INFO     | client | Была вызвана функция process_ans с параметрами ({'response': 200},), {}.Вызов из модуля __main__. Вызов из функции main().Вызов из функции main
2020-07-10 16:12:10,284 | INFO     | client | Была вызвана функция main с параметрами (), {}.Вызов из модуля __main__. Вызов из функции main().Вызов из функции <module>
2020-07-10 16:13:19,064 | INFO     | client | Была вызвана функция create_presence с параметрами (), {}.Вызов из модуля __main__. Вызов из функции main().Вызов из функции main
2020-07-10 16:13:19,189 | INFO     | client | Была вызвана функция main с параметрами (), {}.Вызов из модуля __main__. Вызов из функции main().Вызов из функции <module>
2020-07-10 16:14:30,372 | INFO     | client | Была вызвана функция create_presence с параметрами (), {}.Вызов из модуля __main__. Вызов из функции main().Вызов из функции main
2020-07-10 16:14:30,497 | INFO     | client | Была вызвана функция main с параметрами (), {}.Вызов из модуля __main__. Вызов из функции main().Вызов из функции <module>
2020-07-10 16:14:57,017 | INFO     | client | Была вызвана функция create_presence с параметрами (), {}.Вызов из модуля __main__. Вызов из функции main().Вызов из функции main
2020-07-10 16:14:57,017 | INFO     | client | Была вызвана функция main с параметрами (), {}.Вызов из модуля __main__. Вызов из функции main().Вызов из функции <module>
2020-07-10 16:15:19,075 | INFO     | client | Была вызвана функция create_presence с параметрами (), {}.Вызов из модуля __main__. Вызов из функции main().Вызов из функции main
2020-07-10 16:15:19,200 | INFO     | client | Была вызвана функция main с параметрами (), {}.Вызов из модуля __main__. Вызов из функции main().Вызов из функции <module>
2020-07-10 16:18:02,096 | INFO     | client | Была вызвана функция create_presence с параметрами (), {}.Вызов из модуля __main__. Вызов из функции main().Вызов из функции main
2020-07-10 16:18:02,205 | INFO     | client | Была вызвана функция main с параметрами (), {}.Вызов из модуля __main__. Вызов из функции main().Вызов из функции <module>
2020-07-10 16:19:32,014 | INFO     | client | Была вызвана функция create_presence с параметрами (), {}.Вызов из модуля __main__. Вызов из функции main().Вызов из функции main
2020-07-10 16:19:32,139 | INFO     | client | Была вызвана функция process_ans с параметрами ({'message_text': 'test'},), {}.Вызов из модуля __main__. Вызов из функции main().Вызов из функции main
2020-07-10 16:19:32,139 | INFO     | client | Была вызвана функция main с параметрами (), {}.Вызов из модуля __main__. Вызов из функции main().Вызов из функции <module>
2020-07-10 16:20:51,980 | INFO     | client | Была вызвана функция create_presence с параметрами (), {}.Вызов из модуля __main__. Вызов из функции main().Вызов из функции main
2020-07-10 16:20:52,105 | INFO     | client | Была вызвана функция process_ans с параметрами ({'message_text': 'test'},), {}.Вызов из модуля __main__. Вызов из функции main().Вызов из функции main
2020-07-10 16:20:52,105 | INFO     | client | Была вызвана функция main с параметрами (), {}.Вызов из модуля __main__. Вызов из функции main().Вызов из функции <module>
2020-07-10 16:22:00,324 | INFO     | client | Была вызвана функция create_presence с параметрами (), {}.Вызов из модуля __main__. Вызов из функции main().Вызов из функции main
2020-07-10 16:22:00,433 | INFO     | client | Была вызвана функция process_ans с параметрами ({'message_text': 'test'},), {}.Вызов из модуля __main__. Вызов из функции main().Вызов из функции main
2020-07-10 16:22:00,433 | INFO     | client | Была вызвана функция main с параметрами (), {}.Вызов из модуля __main__. Вызов из функции main().Вызов из функции <module>
2020-07-10 16:23:13,535 | INFO     | client | Была вызвана функция create_presence с параметрами (), {}.Вызов из модуля __main__. Вызов из функции main().Вызов из функции main
2020-07-10 16:23:13,659 | INFO     | client | Была вызвана функция process_ans с параметрами ({'message_text': 'testtest'},), {}.Вызов из модуля __main__. Вызов из функции main().Вызов из функции main
2020-07-10 16:23:13,659 | INFO     | client | Была вызвана функция main с параметрами (), {}.Вызов из модуля __main__. Вызов из функции main().Вызов из функции <module>
2020-07-10 16:24:29,928 | INFO     | client | Была вызвана функция create_presence с параметрами (), {}.Вызов из модуля __main__. Вызов из функции main().Вызов из функции main
2020-07-10 16:26:24,526 | INFO     | client | Была вызвана функция create_presence с параметрами (), {}.Вызов из модуля __main__. Вызов из функции main().Вызов из функции main
2020-07-10 16:26:24,651 | INFO     | client | Была вызвана функция process_ans с параметрами ({'message_text': 'еtest2'},), {}.Вызов из модуля __main__. Вызов из функции main().Вызов из функции main
2020-07-10 16:26:24,651 | INFO     | client | Была вызвана функция main с параметрами (), {}.Вызов из модуля __main__. Вызов из функции main().Вызов из функции <module>
2020-07-10 17:00:52,887 | INFO     | client | Была вызвана функция create_presence с параметрами (), {}.Вызов из модуля __main__. Вызов из функции main().Вызов из функции main
2020-07-10 17:01:15,975 | INFO     | client | Была вызвана функция create_presence с параметрами (), {}.Вызов из модуля __main__. Вызов из функции main().Вызов из функции main
2020-07-10 17:01:15,990 | INFO     | client | Была вызвана функция process_ans с параметрами ({'message_text': 'test'},), {}.Вызов из модуля __main__. Вызов из функции main().Вызов из функции main
2020-07-10 17:01:15,990 | INFO     | client | Была вызвана функция main с параметрами (), {}.Вызов из модуля __main__. Вызов из функции main().Вызов из функции <module>
2020-07-10 17:01:23,119 | INFO     | client | Была вызвана функция create_presence с параметрами (), {}.Вызов из модуля __main__. Вызов из функции main().Вызов из функции main
2020-07-10 17:01:27,909 | INFO     | client | Была вызвана функция create_presence с параметрами (), {}.Вызов из модуля __main__. Вызов из функции main().Вызов из функции main
2020-07-10 17:01:31,949 | INFO     | client | Была вызвана функция create_presence с параметрами (), {}.Вызов из модуля __main__. Вызов из функции main().Вызов из функции main
