2020-07-10 10:11:29,738 | INFO     | server | 200 : OK
2020-07-10 10:11:29,862 | INFO     | decorators | Была вызвана функция process_client_message с параметрами ({'action': 'presence', 'time': '10-07-2020 10:11 29', 'user': {'account_name': 'Guest'}},), {}.Вызов из модуля __main__. Вызов из функции main().Вызов из функции main
2020-07-10 10:14:56,501 | INFO     | {LOGGER_NAME} | 200 : OK
2020-07-10 10:14:56,639 | INFO     | {LOGGER_NAME} | Была вызвана функция process_client_message с параметрами ({'action': 'presence', 'time': '10-07-2020 10:14 56', 'user': {'account_name': 'Guest'}},), {}.Вызов из модуля __main__. Вызов из функции main().Вызов из функции main
2020-07-10 10:16:46,798 | INFO     | server | 200 : OK
2020-07-10 10:16:46,930 | INFO     | server | Была вызвана функция process_client_message с параметрами ({'action': 'presence', 'time': '10-07-2020 10:16 46', 'user': {'account_name': 'Guest'}},), {}.Вызов из модуля __main__. Вызов из функции main().Вызов из функции main
2020-07-10 10:17:09,983 | INFO     | server | 200 : OK
2020-07-10 10:17:10,115 | INFO     | server | Была вызвана функция process_client_message с параметрами ({'action': 'presence', 'time': '10-07-2020 10:17 09', 'user': {'account_name': 'Guest'}},), {}.Вызов из модуля __main__. Вызов из функции main().Вызов из функции main
2020-07-10 10:19:06,679 | INFO     | server | 200 : OK
2020-07-10 10:19:06,805 | INFO     | server | Была вызвана функция process_client_message с параметрами ({'action': 'presence', 'time': '10-07-2020 10:19 06', 'user': {'account_name': 'Guest'}},), {}.Вызов из модуля __main__. Вызов из функции main().Вызов из функции main
2020-07-10 10:24:37,868 | INFO     | server | 200 : OK
2020-07-10 10:24:37,994 | INFO     | server | Была вызвана функция process_client_message с параметрами ({'action': 'presence', 'time': '10-07-2020 10:24 37', 'user': {'account_name': 'Guest'}},), {}.Вызов из модуля __main__. Вызов из функции main().Вызов из функции main
2020-07-10 10:41:37,268 | INFO     | server | 200 : OK
2020-07-10 10:41:37,400 | INFO     | server | Была вызвана функция process_client_message с параметрами ({'action': 'presence', 'time': '10-07-2020 10:41 37', 'user': {'account_name': 'Guest'}},), {}.Вызов из модуля __main__. Вызов из функции main().Вызов из функции main
2020-07-10 10:41:37,401 | INFO     | server | 200 : OK
2020-07-10 10:41:37,403 | INFO     | server | Была вызвана функция process_client_message с параметрами ({'action': 'presence', 'time': '10-07-2020 10:41 37', 'user': {'account_name': 'Guest'}},), {}.Вызов из модуля __main__. Вызов из функции main().Вызов из функции main
2020-07-10 10:42:01,818 | INFO     | server | 200 : OK
2020-07-10 10:42:01,820 | INFO     | server | Была вызвана функция process_client_message с параметрами ({'action': 'presence', 'time': '10-07-2020 10:42 01', 'user': {'account_name': 'Guest'}},), {}.Вызов из модуля __main__. Вызов из функции main().Вызов из функции main
2020-07-10 10:42:01,821 | INFO     | server | 200 : OK
2020-07-10 10:42:01,823 | INFO     | server | Была вызвана функция process_client_message с параметрами ({'action': 'presence', 'time': '10-07-2020 10:42 01', 'user': {'account_name': 'Guest'}},), {}.Вызов из модуля __main__. Вызов из функции main().Вызов из функции main
2020-07-10 10:42:01,929 | INFO     | server | 200 : OK
2020-07-10 10:42:01,931 | INFO     | server | Была вызвана функция process_client_message с параметрами ({'action': 'presence', 'time': '10-07-2020 10:42 01', 'user': {'account_name': 'Guest'}},), {}.Вызов из модуля __main__. Вызов из функции main().Вызов из функции main
2020-07-10 10:42:02,291 | INFO     | server | 200 : OK
2020-07-10 10:42:02,293 | INFO     | server | Была вызвана функция process_client_message с параметрами ({'action': 'presence', 'time': '10-07-2020 10:42 01', 'user': {'account_name': 'Guest'}},), {}.Вызов из модуля __main__. Вызов из функции main().Вызов из функции main
2020-07-10 10:42:02,309 | INFO     | server | 200 : OK
2020-07-10 10:42:02,313 | INFO     | server | Была вызвана функция process_client_message с параметрами ({'action': 'presence', 'time': '10-07-2020 10:42 02', 'user': {'account_name': 'Guest'}},), {}.Вызов из модуля __main__. Вызов из функции main().Вызов из функции main
2020-07-10 10:42:02,330 | INFO     | server | 200 : OK
2020-07-10 10:42:02,342 | INFO     | server | Была вызвана функция process_client_message с параметрами ({'action': 'presence', 'time': '10-07-2020 10:42 02', 'user': {'account_name': 'Guest'}},), {}.Вызов из модуля __main__. Вызов из функции main().Вызов из функции main
2020-07-10 10:42:02,457 | INFO     | server | 200 : OK
2020-07-10 10:42:02,458 | INFO     | server | Была вызвана функция process_client_message с параметрами ({'action': 'presence', 'time': '10-07-2020 10:42 02', 'user': {'account_name': 'Guest'}},), {}.Вызов из модуля __main__. Вызов из функции main().Вызов из функции main
2020-07-10 10:44:00,925 | INFO     | server | 200 : OK
2020-07-10 10:44:01,095 | INFO     | server | Была вызвана функция process_client_message с параметрами ({'action': 'presence', 'time': '10-07-2020 10:44 00', 'user': {'account_name': 'Guest'}},), {}.Вызов из модуля __main__. Вызов из функции main().Вызов из функции main
2020-07-10 10:44:01,118 | INFO     | server | 200 : OK
2020-07-10 10:44:01,120 | INFO     | server | Была вызвана функция process_client_message с параметрами ({'action': 'presence', 'time': '10-07-2020 10:44 00', 'user': {'account_name': 'Guest'}},), {}.Вызов из модуля __main__. Вызов из функции main().Вызов из функции main
2020-07-10 10:44:01,123 | INFO     | server | 200 : OK
2020-07-10 10:44:01,125 | INFO     | server | Была вызвана функция process_client_message с параметрами ({'action': 'presence', 'time': '10-07-2020 10:44 00', 'user': {'account_name': 'Guest'}},), {}.Вызов из модуля __main__. Вызов из функции main().Вызов из функции main
2020-07-10 10:44:01,215 | INFO     | server | 200 : OK
2020-07-10 10:44:01,216 | INFO     | server | Была вызвана функция process_client_message с параметрами ({'action': 'presence', 'time': '10-07-2020 10:44 01', 'user': {'account_name': 'Guest'}},), {}.Вызов из модуля __main__. Вызов из функции main().Вызов из функции main
2020-07-10 10:44:01,397 | INFO     | server | 200 : OK
2020-07-10 10:44:01,401 | INFO     | server | Была вызвана функция process_client_message с параметрами ({'action': 'presence', 'time': '10-07-2020 10:44 01', 'user': {'account_name': 'Guest'}},), {}.Вызов из модуля __main__. Вызов из функции main().Вызов из функции main
2020-07-10 10:44:01,406 | INFO     | server | 200 : OK
2020-07-10 10:44:01,412 | INFO     | server | Была вызвана функция process_client_message с параметрами ({'action': 'presence', 'time': '10-07-2020 10:44 01', 'user': {'account_name': 'Guest'}},), {}.Вызов из модуля __main__. Вызов из функции main().Вызов из функции main
2020-07-10 10:44:01,443 | INFO     | server | 200 : OK
2020-07-10 10:44:01,445 | INFO     | server | Была вызвана функция process_client_message с параметрами ({'action': 'presence', 'time': '10-07-2020 10:44 01', 'user': {'account_name': 'Guest'}},), {}.Вызов из модуля __main__. Вызов из функции main().Вызов из функции main
2020-07-10 10:47:28,646 | INFO     | server | 200 : OK
2020-07-10 10:47:28,830 | INFO     | server | Была вызвана функция process_client_message с параметрами ({'action': 'presence', 'time': '10-07-2020 10:47 28', 'user': {'account_name': 'Guest'}},), {}.Вызов из модуля __main__. Вызов из функции main().Вызов из функции main
2020-07-10 10:47:28,852 | INFO     | server | 200 : OK
2020-07-10 10:47:28,858 | INFO     | server | Была вызвана функция process_client_message с параметрами ({'action': 'presence', 'time': '10-07-2020 10:47 28', 'user': {'account_name': 'Guest'}},), {}.Вызов из модуля __main__. Вызов из функции main().Вызов из функции main
2020-07-10 10:47:28,873 | INFO     | server | 200 : OK
2020-07-10 10:47:28,875 | INFO     | server | Была вызвана функция process_client_message с параметрами ({'action': 'presence', 'time': '10-07-2020 10:47 28', 'user': {'account_name': 'Guest'}},), {}.Вызов из модуля __main__. Вызов из функции main().Вызов из функции main
2020-07-10 10:47:28,880 | INFO     | server | 200 : OK
2020-07-10 10:47:28,896 | INFO     | server | Была вызвана функция process_client_message с параметрами ({'action': 'presence', 'time': '10-07-2020 10:47 28', 'user': {'account_name': 'Guest'}},), {}.Вызов из модуля __main__. Вызов из функции main().Вызов из функции main
2020-07-10 10:47:28,931 | INFO     | server | 200 : OK
2020-07-10 10:47:28,934 | INFO     | server | Была вызвана функция process_client_message с параметрами ({'action': 'presence', 'time': '10-07-2020 10:47 28', 'user': {'account_name': 'Guest'}},), {}.Вызов из модуля __main__. Вызов из функции main().Вызов из функции main
2020-07-10 10:47:28,946 | INFO     | server | 200 : OK
2020-07-10 10:47:28,949 | INFO     | server | Была вызвана функция process_client_message с параметрами ({'action': 'presence', 'time': '10-07-2020 10:47 28', 'user': {'account_name': 'Guest'}},), {}.Вызов из модуля __main__. Вызов из функции main().Вызов из функции main
2020-07-10 10:47:29,298 | INFO     | server | 200 : OK
2020-07-10 10:47:29,300 | INFO     | server | Была вызвана функция process_client_message с параметрами ({'action': 'presence', 'time': '10-07-2020 10:47 29', 'user': {'account_name': 'Guest'}},), {}.Вызов из модуля __main__. Вызов из функции main().Вызов из функции main
2020-07-10 10:49:40,068 | INFO     | server | 200 : OK
2020-07-10 10:49:40,297 | INFO     | server | Была вызвана функция process_client_message с параметрами ({'action': 'presence', 'time': '10-07-2020 10:49 39', 'user': {'account_name': 'Guest'}},), {}.Вызов из модуля __main__. Вызов из функции main().Вызов из функции main
2020-07-10 10:49:40,300 | INFO     | server | 200 : OK
2020-07-10 10:49:40,302 | INFO     | server | Была вызвана функция process_client_message с параметрами ({'action': 'presence', 'time': '10-07-2020 10:49 39', 'user': {'account_name': 'Guest'}},), {}.Вызов из модуля __main__. Вызов из функции main().Вызов из функции main
2020-07-10 10:49:40,303 | INFO     | server | 200 : OK
2020-07-10 10:49:40,304 | INFO     | server | Была вызвана функция process_client_message с параметрами ({'action': 'presence', 'time': '10-07-2020 10:49 39', 'user': {'account_name': 'Guest'}},), {}.Вызов из модуля __main__. Вызов из функции main().Вызов из функции main
2020-07-10 10:49:40,305 | INFO     | server | 200 : OK
2020-07-10 10:49:40,307 | INFO     | server | Была вызвана функция process_client_message с параметрами ({'action': 'presence', 'time': '10-07-2020 10:49 39', 'user': {'account_name': 'Guest'}},), {}.Вызов из модуля __main__. Вызов из функции main().Вызов из функции main
2020-07-10 10:49:40,312 | INFO     | server | 200 : OK
2020-07-10 10:49:40,325 | INFO     | server | Была вызвана функция process_client_message с параметрами ({'action': 'presence', 'time': '10-07-2020 10:49 39', 'user': {'account_name': 'Guest'}},), {}.Вызов из модуля __main__. Вызов из функции main().Вызов из функции main
2020-07-10 10:49:40,493 | INFO     | server | 200 : OK
2020-07-10 10:49:40,496 | INFO     | server | Была вызвана функция process_client_message с параметрами ({'action': 'presence', 'time': '10-07-2020 10:49 40', 'user': {'account_name': 'Guest'}},), {}.Вызов из модуля __main__. Вызов из функции main().Вызов из функции main
2020-07-10 10:49:40,942 | INFO     | server | 200 : OK
2020-07-10 10:49:40,944 | INFO     | server | Была вызвана функция process_client_message с параметрами ({'action': 'presence', 'time': '10-07-2020 10:49 40', 'user': {'account_name': 'Guest'}},), {}.Вызов из модуля __main__. Вызов из функции main().Вызов из функции main
2020-07-10 10:53:48,990 | INFO     | server | 200 : OK
2020-07-10 10:53:48,991 | INFO     | server | Была вызвана функция process_client_message с параметрами ({'action': 'presence', 'time': '10-07-2020 10:53 48', 'user': {'account_name': 'Guest'}},), {}.Вызов из модуля __main__. Вызов из функции main().Вызов из функции main
2020-07-10 10:53:48,992 | INFO     | server | 200 : OK
2020-07-10 10:53:48,993 | INFO     | server | Была вызвана функция process_client_message с параметрами ({'action': 'presence', 'time': '10-07-2020 10:53 48', 'user': {'account_name': 'Guest'}},), {}.Вызов из модуля __main__. Вызов из функции main().Вызов из функции main
2020-07-10 10:53:49,248 | INFO     | server | 200 : OK
2020-07-10 10:53:49,250 | INFO     | server | Была вызвана функция process_client_message с параметрами ({'action': 'presence', 'time': '10-07-2020 10:53 48', 'user': {'account_name': 'Guest'}},), {}.Вызов из модуля __main__. Вызов из функции main().Вызов из функции main
2020-07-10 10:53:49,272 | INFO     | server | 200 : OK
2020-07-10 10:53:49,273 | INFO     | server | Была вызвана функция process_client_message с параметрами ({'action': 'presence', 'time': '10-07-2020 10:53 49', 'user': {'account_name': 'Guest'}},), {}.Вызов из модуля __main__. Вызов из функции main().Вызов из функции main
2020-07-10 10:53:49,446 | INFO     | server | 200 : OK
2020-07-10 10:53:49,479 | INFO     | server | Была вызвана функция process_client_message с параметрами ({'action': 'presence', 'time': '10-07-2020 10:53 49', 'user': {'account_name': 'Guest'}},), {}.Вызов из модуля __main__. Вызов из функции main().Вызов из функции main
2020-07-10 10:53:49,606 | INFO     | server | 200 : OK
2020-07-10 10:53:49,607 | INFO     | server | Была вызвана функция process_client_message с параметрами ({'action': 'presence', 'time': '10-07-2020 10:53 49', 'user': {'account_name': 'Guest'}},), {}.Вызов из модуля __main__. Вызов из функции main().Вызов из функции main
2020-07-10 10:53:49,608 | INFO     | server | 200 : OK
2020-07-10 10:53:49,610 | INFO     | server | Была вызвана функция process_client_message с параметрами ({'action': 'presence', 'time': '10-07-2020 10:53 49', 'user': {'account_name': 'Guest'}},), {}.Вызов из модуля __main__. Вызов из функции main().Вызов из функции main
2020-07-10 11:00:17,404 | INFO     | server | 200 : OK
2020-07-10 11:00:17,406 | INFO     | server | Была вызвана функция process_client_message с параметрами ({'action': 'presence', 'time': '10-07-2020 11:00 17', 'user': {'account_name': 'Guest'}},), {}.Вызов из модуля __main__. Вызов из функции main().Вызов из функции main
2020-07-10 11:00:17,895 | INFO     | server | 200 : OK
2020-07-10 11:00:17,898 | INFO     | server | Была вызвана функция process_client_message с параметрами ({'action': 'presence', 'time': '10-07-2020 11:00 17', 'user': {'account_name': 'Guest'}},), {}.Вызов из модуля __main__. Вызов из функции main().Вызов из функции main
2020-07-10 11:00:17,923 | INFO     | server | 200 : OK
2020-07-10 11:00:17,925 | INFO     | server | Была вызвана функция process_client_message с параметрами ({'action': 'presence', 'time': '10-07-2020 11:00 17', 'user': {'account_name': 'Guest'}},), {}.Вызов из модуля __main__. Вызов из функции main().Вызов из функции main
2020-07-10 11:00:17,926 | INFO     | server | 200 : OK
2020-07-10 11:00:17,929 | INFO     | server | Была вызвана функция process_client_message с параметрами ({'action': 'presence', 'time': '10-07-2020 11:00 17', 'user': {'account_name': 'Guest'}},), {}.Вызов из модуля __main__. Вызов из функции main().Вызов из функции main
2020-07-10 11:00:18,185 | INFO     | server | 200 : OK
2020-07-10 11:00:18,187 | INFO     | server | Была вызвана функция process_client_message с параметрами ({'action': 'presence', 'time': '10-07-2020 11:00 17', 'user': {'account_name': 'Guest'}},), {}.Вызов из модуля __main__. Вызов из функции main().Вызов из функции main
2020-07-10 11:00:18,189 | INFO     | server | 200 : OK
2020-07-10 11:00:18,192 | INFO     | server | Была вызвана функция process_client_message с параметрами ({'action': 'presence', 'time': '10-07-2020 11:00 18', 'user': {'account_name': 'Guest'}},), {}.Вызов из модуля __main__. Вызов из функции main().Вызов из функции main
2020-07-10 11:00:18,270 | INFO     | server | 200 : OK
2020-07-10 11:00:18,272 | INFO     | server | Была вызвана функция process_client_message с параметрами ({'action': 'presence', 'time': '10-07-2020 11:00 18', 'user': {'account_name': 'Guest'}},), {}.Вызов из модуля __main__. Вызов из функции main().Вызов из функции main
2020-07-10 11:06:07,117 | INFO     | server | 200 : OK
2020-07-10 11:06:07,119 | INFO     | server | Была вызвана функция process_client_message с параметрами ({'action': 'presence', 'time': '10-07-2020 11:06 06', 'user': {'account_name': 'Guest'}},), {}.Вызов из модуля __main__. Вызов из функции main().Вызов из функции main
2020-07-10 11:06:07,120 | INFO     | server | 200 : OK
2020-07-10 11:06:07,122 | INFO     | server | Была вызвана функция process_client_message с параметрами ({'action': 'presence', 'time': '10-07-2020 11:06 06', 'user': {'account_name': 'Guest'}},), {}.Вызов из модуля __main__. Вызов из функции main().Вызов из функции main
2020-07-10 11:06:07,836 | INFO     | server | 200 : OK
2020-07-10 11:06:07,838 | INFO     | server | Была вызвана функция process_client_message с параметрами ({'action': 'presence', 'time': '10-07-2020 11:06 07', 'user': {'account_name': 'Guest'}},), {}.Вызов из модуля __main__. Вызов из функции main().Вызов из функции main
2020-07-10 11:06:07,852 | INFO     | server | 200 : OK
2020-07-10 11:06:07,996 | INFO     | server | Была вызвана функция process_client_message с параметрами ({'action': 'presence', 'time': '10-07-2020 11:06 07', 'user': {'account_name': 'Guest'}},), {}.Вызов из модуля __main__. Вызов из функции main().Вызов из функции main
2020-07-10 11:06:08,234 | INFO     | server | 200 : OK
2020-07-10 11:06:08,236 | INFO     | server | Была вызвана функция process_client_message с параметрами ({'action': 'presence', 'time': '10-07-2020 11:06 08', 'user': {'account_name': 'Guest'}},), {}.Вызов из модуля __main__. Вызов из функции main().Вызов из функции main
2020-07-10 11:06:08,810 | INFO     | server | 200 : OK
2020-07-10 11:06:08,814 | INFO     | server | Была вызвана функция process_client_message с параметрами ({'action': 'presence', 'time': '10-07-2020 11:06 08', 'user': {'account_name': 'Guest'}},), {}.Вызов из модуля __main__. Вызов из функции main().Вызов из функции main
2020-07-10 11:06:08,932 | INFO     | server | 200 : OK
2020-07-10 11:06:08,934 | INFO     | server | Была вызвана функция process_client_message с параметрами ({'action': 'presence', 'time': '10-07-2020 11:06 08', 'user': {'account_name': 'Guest'}},), {}.Вызов из модуля __main__. Вызов из функции main().Вызов из функции main
2020-07-10 11:06:51,736 | INFO     | server | 200 : OK
2020-07-10 11:06:51,738 | INFO     | server | Была вызвана функция process_client_message с параметрами ({'action': 'presence', 'time': '10-07-2020 11:06 50', 'user': {'account_name': 'Guest'}},), {}.Вызов из модуля __main__. Вызов из функции main().Вызов из функции main
2020-07-10 11:06:51,743 | INFO     | server | 200 : OK
2020-07-10 11:06:51,745 | INFO     | server | Была вызвана функция process_client_message с параметрами ({'action': 'presence', 'time': '10-07-2020 11:06 50', 'user': {'account_name': 'Guest'}},), {}.Вызов из модуля __main__. Вызов из функции main().Вызов из функции main
2020-07-10 11:06:51,891 | INFO     | server | 200 : OK
2020-07-10 11:06:51,893 | INFO     | server | Была вызвана функция process_client_message с параметрами ({'action': 'presence', 'time': '10-07-2020 11:06 51', 'user': {'account_name': 'Guest'}},), {}.Вызов из модуля __main__. Вызов из функции main().Вызов из функции main
2020-07-10 11:06:51,955 | INFO     | server | 200 : OK
2020-07-10 11:06:51,959 | INFO     | server | Была вызвана функция process_client_message с параметрами ({'action': 'presence', 'time': '10-07-2020 11:06 51', 'user': {'account_name': 'Guest'}},), {}.Вызов из модуля __main__. Вызов из функции main().Вызов из функции main
2020-07-10 11:06:51,964 | INFO     | server | 200 : OK
2020-07-10 11:06:51,966 | INFO     | server | Была вызвана функция process_client_message с параметрами ({'action': 'presence', 'time': '10-07-2020 11:06 51', 'user': {'account_name': 'Guest'}},), {}.Вызов из модуля __main__. Вызов из функции main().Вызов из функции main
2020-07-10 11:06:52,043 | INFO     | server | 200 : OK
2020-07-10 11:06:52,045 | INFO     | server | Была вызвана функция process_client_message с параметрами ({'action': 'presence', 'time': '10-07-2020 11:06 51', 'user': {'account_name': 'Guest'}},), {}.Вызов из модуля __main__. Вызов из функции main().Вызов из функции main
2020-07-10 11:06:52,377 | INFO     | server | 200 : OK
2020-07-10 11:06:52,379 | INFO     | server | Была вызвана функция process_client_message с параметрами ({'action': 'presence', 'time': '10-07-2020 11:06 52', 'user': {'account_name': 'Guest'}},), {}.Вызов из модуля __main__. Вызов из функции main().Вызов из функции main
2020-07-10 14:25:47,865 | INFO     | server | Была вызвана функция process_client_message с параметрами ({'action': 'action', 'time': '10-07-2020 14:25 44', 'user': {'account_name': 'Guest', 'message_client': 'test'}},), {}.Вызов из модуля __main__. Вызов из функции main().Вызов из функции main
2020-07-10 14:34:56,502 | INFO     | server | Была вызвана функция process_client_message с параметрами ({'action': 'action', 'time': '10-07-2020 14:34 52', 'user': {'account_name': 'Guest', 'message_client': 'test'}},), {}.Вызов из модуля __main__. Вызов из функции main().Вызов из функции main
2020-07-10 15:40:27,377 | INFO     | server | Была вызвана функция process_client_message с параметрами ({'action': 'message', 'time': '10-07-2020 15:40 24', 'user': {'account_name': 'Guest', 'message_client': 'test'}},), {}.Вызов из модуля __main__. Вызов из функции main().Вызов из функции main
2020-07-10 15:41:16,860 | INFO     | server | Была вызвана функция process_client_message с параметрами ({'action': 'message', 'time': '10-07-2020 15:41 14', 'user': {'account_name': 'Guest', 'message_client': 'test'}},), {}.Вызов из модуля __main__. Вызов из функции main().Вызов из функции main
2020-07-10 15:42:09,963 | INFO     | server | Была вызвана функция process_client_message с параметрами ({'action': 'message', 'time': '10-07-2020 15:42 06', 'user': {'account_name': 'Guest', 'message_client': 'test'}},), {}.Вызов из модуля __main__. Вызов из функции main().Вызов из функции main
2020-07-10 15:42:59,228 | INFO     | server | Была вызвана функция process_client_message с параметрами ({'action': 'message', 'time': '10-07-2020 15:42 56', 'user': {'account_name': 'Guest', 'message_client': 'test'}},), {}.Вызов из модуля __main__. Вызов из функции main().Вызов из функции main
2020-07-10 15:43:34,328 | INFO     | server | Была вызвана функция process_client_message с параметрами ({'action': 'message', 'time': '10-07-2020 15:43 31', 'user': {'account_name': 'Guest', 'message_client': 'TEST'}},), {}.Вызов из модуля __main__. Вызов из функции main().Вызов из функции main
2020-07-10 15:47:55,207 | INFO     | server | Была вызвана функция process_client_message с параметрами ({'action': 'message', 'time': '10-07-2020 15:47 50', 'user': {'account_name': 'Guest', 'message_text': 'test test'}},), {}.Вызов из модуля __main__. Вызов из функции main().Вызов из функции main
2020-07-10 15:55:15,128 | INFO     | server | Была вызвана функция process_client_message с параметрами ({'action': 'message', 'time': '10-07-2020 15:55 12', 'user': {'account_name': 'Guest', 'message_text': 'test'}},), {}.Вызов из модуля __main__. Вызов из функции main().Вызов из функции main
2020-07-10 15:56:39,914 | INFO     | server | Была вызвана функция process_client_message с параметрами ({'action': 'message', 'time': '10-07-2020 15:56 37', 'user': {'account_name': 'Guest', 'message_text': 'test'}},), {}.Вызов из модуля __main__. Вызов из функции main().Вызов из функции main
2020-07-10 15:57:03,563 | INFO     | server | Была вызвана функция process_client_message с параметрами ({'action': 'message', 'time': '10-07-2020 15:57 00', 'user': {'account_name': 'Guest', 'message_text': 'test'}},), {}.Вызов из модуля __main__. Вызов из функции main().Вызов из функции main
2020-07-10 15:57:43,156 | INFO     | server | Была вызвана функция process_client_message с параметрами ({'action': 'message', 'time': '10-07-2020 15:57 37', 'user': {'account_name': 'Guest', 'message_text': 'testetstetst'}},), {}.Вызов из модуля __main__. Вызов из функции main().Вызов из функции main
2020-07-10 16:00:19,079 | INFO     | server | Была вызвана функция process_client_message с параметрами ({'action': 'message', 'time': '10-07-2020 16:00 15', 'user': {'account_name': 'Guest', 'message_text': 'testetst'}},), {}.Вызов из модуля __main__. Вызов из функции main().Вызов из функции main
2020-07-10 16:01:51,493 | INFO     | server | Была вызвана функция process_client_message с параметрами ({'action': 'message', 'time': '10-07-2020 16:01 48', 'user': {'account_name': 'Guest', 'message_text': 'test'}},), {}.Вызов из модуля __main__. Вызов из функции main().Вызов из функции main
2020-07-10 16:04:30,676 | INFO     | server | Была вызвана функция process_client_message с параметрами ({'action': 'message', 'time': '10-07-2020 16:04 27', 'user': {'account_name': 'Guest', 'message_text': 'test'}},), {}.Вызов из модуля __main__. Вызов из функции main().Вызов из функции main
2020-07-10 16:05:40,829 | INFO     | server | Была вызвана функция process_client_message с параметрами ({'action': 'message', 'time': '10-07-2020 16:05 37', 'user': {'account_name': 'Guest', 'message_text': 'test'}},), {}.Вызов из модуля __main__. Вызов из функции main().Вызов из функции main
2020-07-10 16:06:16,163 | INFO     | server | Была вызвана функция process_client_message с параметрами ({'action': 'message', 'time': '10-07-2020 16:06 12', 'user': {'account_name': 'Guest', 'message_text': 'TEST'}},), {}.Вызов из модуля __main__. Вызов из функции main().Вызов из функции main
2020-07-10 16:12:10,284 | INFO     | server | Была вызвана функция process_client_message с параметрами ({'action': 'message', 'time': '10-07-2020 16:12 07', 'user': {'account_name': 'Guest', 'message_text': 'TEST'}},), {}.Вызов из модуля __main__. Вызов из функции main().Вызов из функции main
2020-07-10 16:13:19,189 | INFO     | server | Была вызвана функция process_client_message с параметрами ({'action': 'message', 'time': '10-07-2020 16:13 16', 'user': {'account_name': 'Guest', 'message_text': 'test'}},), {}.Вызов из модуля __main__. Вызов из функции main().Вызов из функции main
2020-07-10 16:14:30,497 | INFO     | server | Была вызвана функция process_client_message с параметрами ({'action': 'message', 'time': '10-07-2020 16:14 27', 'user': {'account_name': 'Guest', 'message_text': 'test'}},), {}.Вызов из модуля __main__. Вызов из функции main().Вызов из функции main
2020-07-10 16:15:19,200 | INFO     | server | Была вызвана функция process_client_message с параметрами ({'action': 'message', 'time': '10-07-2020 16:15 16', 'user': {'account_name': 'Guest', 'message_text': 'test'}},), {}.Вызов из модуля __main__. Вызов из функции main().Вызов из функции main
2020-07-10 16:18:02,205 | INFO     | server | Была вызвана функция process_client_message с параметрами ({'action': 'message', 'time': '10-07-2020 16:17 58', 'user': {'account_name': 'Guest', 'message_text': 'test'}},), {}.Вызов из модуля __main__. Вызов из функции main().Вызов из функции main
2020-07-10 16:19:32,123 | INFO     | server | Была вызвана функция process_client_message с параметрами ({'action': 'message', 'time': '10-07-2020 16:19 28', 'user': {'account_name': 'Guest', 'message_text': 'test'}},), {}.Вызов из модуля __main__. Вызов из функции main().Вызов из функции main
2020-07-10 16:20:52,105 | INFO     | server | Была вызвана функция process_client_message с параметрами ({'action': 'message', 'time': '10-07-2020 16:20 48', 'user': {'account_name': 'Guest', 'message_text': 'test'}},), {}.Вызов из модуля __main__. Вызов из функции main().Вызов из функции main
2020-07-10 16:22:00,433 | INFO     | server | Была вызвана функция process_client_message с параметрами ({'action': 'message', 'time': '10-07-2020 16:21 57', 'user': {'account_name': 'Guest', 'message_text': 'test'}},), {}.Вызов из модуля __main__. Вызов из функции main().Вызов из функции main
2020-07-10 16:23:13,644 | INFO     | server | Была вызвана функция process_client_message с параметрами ({'action': 'message', 'time': '10-07-2020 16:23 08', 'user': {'account_name': 'Guest', 'message_text': 'testtest'}},), {}.Вызов из модуля __main__. Вызов из функции main().Вызов из функции main
2020-07-10 16:26:24,651 | INFO     | server | Была вызвана функция process_client_message с параметрами ({'action': 'message', 'time': '10-07-2020 16:24 20', 'user': {'account_name': 'Guest', 'message_text': 'еtest2'}},), {}.Вызов из модуля __main__. Вызов из функции <module>.Вызов из функции main
2020-07-10 17:01:15,990 | INFO     | server | Была вызвана функция process_client_message с параметрами ({'action': 'message', 'time': '10-07-2020 16:24 20', 'user': {'account_name': 'Guest', 'message_text': 'test'}},), {}.Вызов из модуля __main__. Вызов из функции <module>.Вызов из функции main
